<?xml version="1.0" encoding="UTF-8"?>
<!-- Generated by org.testng.reporters.JUnitReportReporter -->
<testsuite hostname="N7Z0SFY1" name="testWin.OutlookWinum" tests="1" failures="0" timestamp="29 Dec 2016 06:41:47 GMT" time="18.942" errors="0">
  <testcase name="test" time="18.942" classname="testWin.OutlookWinum"/>
</testsuite> <!-- testWin.OutlookWinum -->
