<?xml version="1.0" encoding="UTF-8"?>
<!-- Generated by org.testng.reporters.JUnitReportReporter -->
<testsuite hostname="N7Z0SFY1" name="testWin.outlookWinum" tests="1" failures="0" timestamp="26 Dec 2016 11:34:02 GMT" time="20.173" errors="0">
  <testcase name="test" time="20.173" classname="testWin.outlookWinum"/>
</testsuite> <!-- testWin.outlookWinum -->
