<?xml version="1.0" encoding="UTF-8"?>
<!-- Generated by org.testng.reporters.JUnitReportReporter -->
<testsuite hostname="N7Z0SFY1" name="testWin.OutlookWinum" tests="1" failures="0" timestamp="29 Dec 2016 04:42:28 GMT" time="14.869" errors="0">
  <testcase name="test" time="14.869" classname="testWin.OutlookWinum"/>
</testsuite> <!-- testWin.OutlookWinum -->
