<?xml version="1.0" encoding="UTF-8"?>
<!-- Generated by org.testng.reporters.JUnitReportReporter -->
<testsuite hostname="N7Z0SFY1" name="testWin.OutlookWinum" tests="1" failures="0" timestamp="29 Dec 2016 04:03:39 GMT" time="26.202" errors="0">
  <testcase name="test" time="26.202" classname="testWin.OutlookWinum"/>
</testsuite> <!-- testWin.OutlookWinum -->
